tsmain.cpp: In function 'DWORD handleMail(LPVOID)':
tsmain.cpp:28:18: error: aggregate 'std::ofstream fout' has incomplete type and cannot be defined
tsmain.cpp:32:13: error: 'helostring' was not declared in this scope
tsmain.cpp:34:38: error: 'Status' has not been declared
tsmain.cpp:39:42: error: 'Status' has not been declared
tsmain.cpp:44:34: error: 'verify' was not declared in this scope
tsmain.cpp:50:17: error: invalid use of 'this' in non-member function
tsmain.cpp:52:42: error: 'Status' has not been declared
tsmain.cpp:56:18: error: invalid use of 'this' in non-member function
tsmain.cpp:58:42: error: 'Status' has not been declared
tsmain.cpp:68:34: error: 'toaddress' was not declared in this scope
tsmain.cpp:76:21: error: invalid use of 'this' in non-member function
tsmain.cpp:78:46: error: 'Status' has not been declared
tsmain.cpp:82:27: error: invalid use of 'this' in non-member function
tsmain.cpp:84:46: error: 'Status' has not been declared
tsmain.cpp:104:42: error: 'Status' has not been declared
tsmain.cpp:114:38: error: 'line' was not declared in this scope
tsmain.cpp:125:42: error: 'Status' has not been declared
threadsock.cpp: In function 'void validateUser(std::string)':
threadsock.cpp:57:30: error: new declaration 'void validateUser(std::string)'
ThreadSock.h:13:6: error: ambiguates old declaration 'bool validateUser(std::string)'
threadsock.cpp:61:24: error: invalid use of 'this' in non-member function
threadsock.cpp:62:20: error: 'users' was not declared in this scope
threadsock.cpp:64:12: error: return-statement with a value, in function returning 'void' [-fpermissive]
